#
# There is insufficient memory for the Java Runtime Environment to continue.
# Native memory allocation (malloc) failed to allocate 1048576 bytes for AllocateHeap
# Possible reasons:
#   The system is out of physical RAM or swap space
#   In 32 bit mode, the process size limit was hit
# Possible solutions:
#   Reduce memory load on the system
#   Increase physical memory or swap space
#   Check if swap backing store is full
#   Use 64 bit Java on a 64 bit OS
#   Decrease Java heap size (-Xmx/-Xms)
#   Decrease number of Java threads
#   Decrease Java thread stack sizes (-Xss)
#   Set larger code cache with -XX:ReservedCodeCacheSize=
# This output file may be truncated or incomplete.
#
#  Out of Memory Error (memory/allocation.inline.hpp:62), pid=1444, tid=7364
#
# JRE version:  (8.0_31-b13) (build )
# Java VM: Java HotSpot(TM) 64-Bit Server VM (25.31-b07 mixed mode windows-amd64 compressed oops)
# Failed to write core dump. Minidumps are not enabled by default on client versions of Windows
#

---------------  T H R E A D  ---------------

Current thread (0x00000000027c0800):  JavaThread "Unknown thread" [_thread_in_vm, id=7364, stack(0x00000000026c0000,0x00000000027c0000)]

Stack: [0x00000000026c0000,0x00000000027c0000]
Native frames: (J=compiled Java code, j=interpreted, Vv=VM code, C=native code)
V  [jvm.dll+0x3169ba]


---------------  P R O C E S S  ---------------

Java Threads: ( => current thread )

Other Threads:

=>0x00000000027c0800 (exited) JavaThread "Unknown thread" [_thread_in_vm, id=7364, stack(0x00000000026c0000,0x00000000027c0000)]

VM state:not at safepoint (normal execution)

VM Mutex/Monitor currently owned by a thread: None

Heap:
 PSYoungGen      total 37888K, used 655K [0x00000000eab00000, 0x00000000ed500000, 0x0000000100000000)
  eden space 32768K, 2% used [0x00000000eab00000,0x00000000eaba3d80,0x00000000ecb00000)
  from space 5120K, 0% used [0x00000000ed000000,0x00000000ed000000,0x00000000ed500000)
  to   space 5120K, 0% used [0x00000000ecb00000,0x00000000ecb00000,0x00000000ed000000)
 ParOldGen       total 86016K, used 0K [0x00000000c0000000, 0x00000000c5400000, 0x00000000eab00000)
  object space 86016K, 0% used [0x00000000c0000000,0x00000000c0000000,0x00000000c5400000)
 Metaspace       used 657K, capacity 4480K, committed 4480K, reserved 1056768K
  class space    used 67K, capacity 384K, committed 384K, reserved 1048576K

Card table byte_map: [0x0000000011c80000,0x0000000011e90000] byte_map_base: 0x0000000011680000

Marking Bits: (ParMarkBitMap*) 0x000000005cded4f0
 Begin Bits: [0x00000000123f0000, 0x00000000133f0000)
 End Bits:   [0x00000000133f0000, 0x00000000143f0000)

Polling page: 0x0000000000c30000

CodeCache: size=245760Kb used=327Kb max_used=327Kb free=245432Kb
 bounds [0x00000000028c0000, 0x0000000002b30000, 0x00000000118c0000]
 total_blobs=56 nmethods=0 adapters=37
 compilation: enabled

Compilation events (0 events):
No events

GC Heap History (0 events):
No events

Deoptimization events (0 events):
No events

Internal exceptions (0 events):
No events

Events (10 events):
Event: 0.051 loading class java/lang/Short
Event: 0.051 loading class java/lang/Short done
Event: 0.051 loading class java/lang/Integer
Event: 0.051 loading class java/lang/Integer done
Event: 0.051 loading class java/lang/Long
Event: 0.052 loading class java/lang/Long done
Event: 0.053 loading class java/lang/NullPointerException
Event: 0.053 loading class java/lang/NullPointerException done
Event: 0.053 loading class java/lang/ArithmeticException
Event: 0.053 loading class java/lang/ArithmeticException done


Dynamic libraries:
0x00007ff6c41e0000 - 0x00007ff6c4214000 	D:\Java\bin\java.exe
0x00007ffb08db0000 - 0x00007ffb08f5d000 	C:\WINDOWS\SYSTEM32\ntdll.dll
0x00007ffb08a90000 - 0x00007ffb08bce000 	C:\WINDOWS\system32\KERNEL32.DLL
0x00007ffb06050000 - 0x00007ffb06165000 	C:\WINDOWS\system32\KERNELBASE.dll
0x00007ffb04aa0000 - 0x00007ffb04b2e000 	C:\WINDOWS\system32\apphelp.dll
0x00007ffafa3a0000 - 0x00007ffafa3f3000 	C:\WINDOWS\AppPatch\AppPatch64\AcGenral.DLL
0x00007ffb08700000 - 0x00007ffb087aa000 	C:\WINDOWS\system32\msvcrt.dll
0x00007ffb06400000 - 0x00007ffb0642e000 	C:\WINDOWS\system32\SspiCli.dll
0x00007ffb08bd0000 - 0x00007ffb08c24000 	C:\WINDOWS\system32\SHLWAPI.dll
0x00007ffb08c30000 - 0x00007ffb08da7000 	C:\WINDOWS\system32\USER32.dll
0x00007ffb069a0000 - 0x00007ffb06b34000 	C:\WINDOWS\system32\ole32.dll
0x00007ffb06d00000 - 0x00007ffb08228000 	C:\WINDOWS\system32\SHELL32.dll
0x00007ffb054a0000 - 0x00007ffb054c1000 	C:\WINDOWS\SYSTEM32\USERENV.dll
0x00007ffb087b0000 - 0x00007ffb0885a000 	C:\WINDOWS\system32\ADVAPI32.dll
0x00007ffaf9080000 - 0x00007ffaf909e000 	C:\WINDOWS\SYSTEM32\MPR.dll
0x00007ffb06650000 - 0x00007ffb06790000 	C:\WINDOWS\system32\RPCRT4.dll
0x00007ffb089d0000 - 0x00007ffb08a29000 	C:\WINDOWS\SYSTEM32\sechost.dll
0x00007ffb084d0000 - 0x00007ffb086e1000 	C:\WINDOWS\SYSTEM32\combase.dll
0x00007ffb08880000 - 0x00007ffb089cf000 	C:\WINDOWS\system32\GDI32.dll
0x00007ffb05ed0000 - 0x00007ffb05ee5000 	C:\WINDOWS\SYSTEM32\profapi.dll
0x00007ffb04470000 - 0x00007ffb04522000 	C:\WINDOWS\SYSTEM32\SHCORE.dll
0x00007ffb06430000 - 0x00007ffb06466000 	C:\WINDOWS\system32\IMM32.DLL
0x00007ffb08370000 - 0x00007ffb084c2000 	C:\WINDOWS\system32\MSCTF.dll
0x00007ffb03bf0000 - 0x00007ffb03e6b000 	C:\WINDOWS\WinSxS\amd64_microsoft.windows.common-controls_6595b64144ccf1df_6.0.9600.18006_none_623f33d3ecbe86e8\COMCTL32.dll
0x000000005ce70000 - 0x000000005cf42000 	D:\Java\bin\msvcr100.dll
0x000000005c610000 - 0x000000005ce6a000 	D:\Java\bin\server\jvm.dll
0x00007ffafc330000 - 0x00007ffafc339000 	C:\WINDOWS\SYSTEM32\WSOCK32.dll
0x00007ffb03990000 - 0x00007ffb039b2000 	C:\WINDOWS\SYSTEM32\WINMM.dll
0x00007ffb08860000 - 0x00007ffb08867000 	C:\WINDOWS\system32\PSAPI.DLL
0x00007ffb06850000 - 0x00007ffb068aa000 	C:\WINDOWS\system32\WS2_32.dll
0x00007ffb03960000 - 0x00007ffb0398a000 	C:\WINDOWS\SYSTEM32\WINMMBASE.dll
0x00007ffb08230000 - 0x00007ffb08239000 	C:\WINDOWS\system32\NSI.dll
0x00007ffb063b0000 - 0x00007ffb063ff000 	C:\WINDOWS\SYSTEM32\cfgmgr32.dll
0x00007ffb04d00000 - 0x00007ffb04d28000 	C:\WINDOWS\SYSTEM32\DEVOBJ.dll
0x000000005c600000 - 0x000000005c60f000 	D:\Java\bin\verify.dll
0x000000005c5d0000 - 0x000000005c5f8000 	D:\Java\bin\java.dll
0x000000005c5b0000 - 0x000000005c5c6000 	D:\Java\bin\zip.dll
0x00007ffae2770000 - 0x00007ffae28f9000 	C:\WINDOWS\SYSTEM32\dbghelp.dll

VM Arguments:
jvm_args: -Djava.awt.headless=true -Xmx1024M -Dfile.encoding=GBK -Duser.country=CN -Duser.language=zh -Duser.variant 
java_command: com.android.dx.command.Main --dex --num-threads=4 --output D:\AndroidStudioProjects\Cookbook\app\build\intermediates\pre-dexed\debug\debug_ea6fa7f8aebfab3abd99e79f4ee76d4bf1b1328a.jar D:\AndroidStudioProjects\Cookbook\app\build\intermediates\classes\debug
java_class_path (initial): D:\as\as\package\newsdk\build-tools\24.0.1\lib\dx.jar
Launcher Type: SUN_STANDARD

Environment Variables:
JAVA_HOME=D:\Java\jre
PATH=C:\ProgramData\Oracle\Java\javapath;C:\Program Files (x86)\Intel\iCLS Client\;C:\Program Files\Intel\iCLS Client\;C:\WINDOWS\system32;C:\WINDOWS;C:\WINDOWS\System32\Wbem;C:\WINDOWS\System32\WindowsPowerShell\v1.0\;C:\Program Files\Intel\Intel(R) Management Engine Components\DAL;C:\Program Files\Intel\Intel(R) Management Engine Components\IPT;C:\Program Files (x86)\Intel\Intel(R) Management Engine Components\DAL;C:\Program Files (x86)\Intel\Intel(R) Management Engine Components\IPT;C:\Program Files (x86)\Intel\OpenCL SDK\2.0\bin\x86;C:\Program Files (x86)\Intel\OpenCL SDK\2.0\bin\x64;C:\Program Files (x86)\ATI Technologies\ATI.ACE\Core-Static;C:\Program Files\Lenovo\Bluetooth Software\;C:\Program Files\Lenovo\Bluetooth Software\syswow64;D:\Program Files (x86)\MySQL\MySQL Server 5.5\bin;D:\android\svn\bin;D:\VisualSVN Server\bin;D:\Java\bin.;D:\android-adt-bundle\sdk\platform-tools;D:\android-adt-bundle\sdk\tools;D:\dashenban\apache-tomcat-7.0.57\lib;D:\dashenban\apache-tomcat-7.0.57\bin;D:\dashenban\android-ndk-r9b
USERNAME=chen
OS=Windows_NT
PROCESSOR_IDENTIFIER=Intel64 Family 6 Model 58 Stepping 9, GenuineIntel



---------------  S Y S T E M  ---------------

OS: Windows 8.1 , 64 bit Build 9600 

CPU:total 4 (2 cores per cpu, 2 threads per core) family 6 model 58 stepping 9, cmov, cx8, fxsr, mmx, sse, sse2, sse3, ssse3, sse4.1, sse4.2, popcnt, avx, aes, clmul, erms, ht, tsc, tscinvbit, tscinv

Memory: 4k page, physical 8251156k(1289120k free), swap 11396884k(5068k free)

vm_info: Java HotSpot(TM) 64-Bit Server VM (25.31-b07) for windows-amd64 JRE (1.8.0_31-b13), built on Dec 17 2014 21:00:28 by "java_re" with MS VC++ 10.0 (VS2010)

time: Wed Dec 28 17:35:22 2016
elapsed time: 0 seconds (0d 0h 0m 0s)

